<?xml version="1.0" encoding="UTF-8"?>
<testng-results total="2" passed="2" failed="0" skipped="0">
  <reporter-output>
  </reporter-output>
  <suite started-at="2019-09-24T10:36:57Z" name="Default suite" finished-at="2019-09-24T10:37:34Z" duration-ms="36552">
    <groups>
    </groups>
    <test started-at="2019-09-24T10:36:57Z" name="Default test" finished-at="2019-09-24T10:37:34Z" duration-ms="36552">
      <class name="com.gp.PMaven.tests.Test1">
        <test-method signature="TestCase1()[pri:0, instance:com.gp.PMaven.tests.Test1@17f7cd29]" started-at="2019-09-24T16:06:57Z" name="TestCase1" finished-at="2019-09-24T16:07:34Z" duration-ms="36499" status="PASS">
          <reporter-output>
          </reporter-output>
        </test-method> <!-- TestCase1 -->
        <test-method signature="display()[pri:0, instance:com.gp.PMaven.tests.Test1@17f7cd29]" started-at="2019-09-24T16:07:34Z" name="display" finished-at="2019-09-24T16:07:34Z" duration-ms="7" status="PASS">
          <reporter-output>
          </reporter-output>
        </test-method> <!-- display -->
      </class> <!-- com.gp.PMaven.tests.Test1 -->
    </test> <!-- Default test -->
  </suite> <!-- Default suite -->
</testng-results>
